1541995600168	mozrunner::runner	INFO	Running command: "D:\\Mozilla Firefox\\firefox.exe" "-marionette" "-foreground" "-no-remote" "-profile" "C:\\Users\\h\\AppData\\Local\\Temp\\rust_mozprofile.6a8fuAEqqZxk"
1541995601937	Marionette	INFO	Listening on port 14004
1541995602287	Marionette	WARN	TLS certificate errors will be ignored for this session
[Parent 21380, Gecko_IOThread] WARNING: pipe error: 109: file z:/build/build/src/ipc/chromium/src/chrome/common/ipc_channel_win.cc, line 346
[Parent 21380, Gecko_IOThread] WARNING: pipe error: 109: file z:/build/build/src/ipc/chromium/src/chrome/common/ipc_channel_win.cc, line 346
[Parent 21380, Gecko_IOThread] WARNING: pipe error: 109: file z:/build/build/src/ipc/chromium/src/chrome/common/ipc_channel_win.cc, line 346
[Child 8788, Chrome_ChildThread] WARNING: pipe error: 109: file z:/build/build/src/ipc/chromium/src/chrome/common/ipc_channel_win.cc, line 346
[Child 8788, Chrome_1541995615282	Marionette	INFO	Stopped listening on port 14004
[GPU 22520, Chr
###!!! [Child][MessageChannel::SendAndWait] Error: Channel error: cannot send/recv

1541995662787	mozrunner::runner	INFO	Running command: "D:\\Mozilla Firefox\\firefox.exe" "-marionette" "-foreground" "-no-remote" "-profile" "C:\\Users\\h\\AppData\\Local\\Temp\\rust_mozprofile.BYo1qoVa5Bxn"
1541995664639	Marionette	INFO	Listening on port 14178
1541995664920	Marionette	WARN	TLS certificate errors will be ignored for this session
[Parent 16708, Gecko_IOThread] WARNING: pipe error: 109: file z:/build/build/src/ipc/chromium/src/chrome/common/ipc_channel_win.cc, line 346
[Parent 16708, Gecko_IOThread] WARNING: pipe error: 109: file z:/build/build/src/ipc/chromium/src/chrome/common/ipc_channel_win.cc, line 346
[Child 21172, Chrome_ChildThread] WARNING: pipe error: 109: file z:/build/build/src/ipc/chromium/src/chrome/common/ipc_channel_win.cc, line 346
[Child 21172, Chrome_ChildThread] WAR[Child 13972, Chrome_ChildThread] WARNING: pipe error: 109: file z:/build/build/src/ipc/chromium/src/chrome/common/ipc_channel_win.cc, line 346
[[Parent 16708, Gecko_IOThread] WARNING: pipe error: 109: file z:/build/build/src/ipc/chromium/src/chrome/common/ipc_channel_win.cc, line 346
[Child 14048, Chrome_ChildThread] WARNING: pipe error: 109: file z:/build/build/src/ipc/chromium/src/chrome/common/ipc_channel_win.cc, line 346
[Child 14048, Chrome_ChildThread] WARNING: pipe error: 109:1541995671928	Marionette	INFO	Stopped listening on port 14178
[GPU 2
###!!! [Child][RunMessage] Error: Channel closing: too late to send/recv, messages will be lost

0748
###!!! [Child][MessageChannel::SendAndWait] Error: Channel error: cannot send/recv

